[Mon Sep 19 15:23:29.499 2016] 0.012 sec [all/0/rel 1677 (0,20)] [*] 05
[Mon Sep 19 15:24:17.749 2016] 0.004 sec [all/0/rel 1677 (0,20)] [*] 05
[Mon Sep 19 15:38:30.356 2016] 0.015 sec [all/0/rel 0 (0,20)] [*] 公司
[Mon Sep 19 15:47:28.064 2016] 0.003 sec [all/0/rel 0 (0,20)] [*] 公司
[Mon Sep 19 15:47:53.775 2016] 0.002 sec [all/0/rel 0 (0,20)] [*] 05
[Mon Sep 19 15:49:25.841 2016] 0.011 sec [all/0/rel 0 (0,20)] [*] 公司
[Mon Sep 19 15:51:40.692 2016] 0.016 sec [all/0/rel 1677 (0,20)] [*] :05
[Mon Sep 19 16:10:18.331 2016] 0.013 sec [all/0/rel 0 (0,20)] [*] 公司
[Mon Sep 19 16:13:13.885 2016] 0.039 sec [all/0/rel 0 (0,20)] [*] 公司
[Mon Sep 19 19:05:11.991 2016] 0.039 sec [all/0/rel 0 (0,20)] [*] 公司
[Mon Sep 19 19:06:34.659 2016] 0.013 sec [all/0/rel 1677 (0,20)] [*] 05
[Mon Sep 19 19:10:11.588 2016] 0.012 sec [all/0/rel 6 (0,20)] [*] 开发
[Mon Sep 19 19:22:20.213 2016] 0.068 sec [all/0/rel 6 (0,20)] [*] 开发
[Mon Sep 19 19:25:14.330 2016] 0.005 sec [all/0/rel 6 (0,20)] [*] 开发
[Mon Sep 19 19:28:42.426 2016] 0.003 sec [all/0/rel 6 (0,20)] [*] 开发
[Mon Sep 19 19:30:29.287 2016] 0.003 sec [all/0/rel 6 (0,20)] [*] 开发
[Mon Sep 19 19:30:33.346 2016] 0.004 sec [all/0/rel 6 (0,20)] [*] 开发
[Mon Sep 19 19:31:35.919 2016] 0.030 sec [all/0/rel 6 (0,20)] [*] 开发
[Mon Sep 19 20:32:33.841 2016] 0.037 sec [all/0/rel 6 (0,20)] [*] 开发
[Mon Sep 19 20:51:04.631 2016] 0.054 sec [all/0/rel 25 (0,20)] [*] 经理
[Mon Sep 19 20:56:53.355 2016] 0.020 sec [all/0/rel 2 (0,20)] [*] 项目
[Mon Sep 19 20:57:58.474 2016] 0.003 sec [all/0/rel 2 (0,20)] [*] 项目
[Mon Sep 19 20:58:28.014 2016] 0.003 sec [all/0/rel 2 (0,20)] [*] 项目
[Tue Sep 20 08:37:00.666 2016] 0.164 sec [all/0/rel 1 (0,20)] [*] 经理
[Tue Sep 20 08:40:39.340 2016] 0.005 sec [all/0/rel 2 (0,20)] [*] 项目
[Tue Sep 20 08:42:48.214 2016] 0.004 sec [all/0/rel 2 (0,20)] [*] 项目
[Tue Sep 20 08:49:07.653 2016] 0.007 sec [all/0/rel 2 (0,20)] [*] 项目
[Tue Sep 20 08:50:28.777 2016] 0.191 sec [all/0/rel 2 (0,20)] [*] 项目
[Tue Sep 20 08:53:58.632 2016] 0.004 sec [all/0/rel 2 (0,20)] [*] 项目
[Tue Sep 20 08:54:51.288 2016] 0.003 sec [all/0/rel 2 (0,20)] [*] 项目
[Tue Sep 20 08:55:08.058 2016] 0.002 sec [all/0/rel 2 (0,20)] [*] 项目
[Tue Sep 20 09:43:14.287 2016] 0.027 sec [all/0/rel 2 (0,20)] [*] 项目
[Tue Sep 20 09:43:47.496 2016] 0.005 sec [all/0/rel 2 (0,20)] [*] 项目
[Tue Sep 20 10:00:59.395 2016] 0.026 sec [all/0/rel 2 (0,20)] [*] 项目
[Tue Sep 20 10:05:45.117 2016] 0.004 sec [all/0/rel 2 (0,20)] [*] 项目
[Tue Sep 20 10:17:01.589 2016] 0.031 sec [all/0/rel 1 (0,20)] [*] 经理
[Tue Sep 20 10:17:58.348 2016] 0.004 sec [all/0/rel 2 (0,20)] [*] 项目
[Tue Sep 20 10:20:53.896 2016] 0.002 sec [all/0/rel 1 (0,20)] [*] 总监
[Tue Sep 20 10:24:04.633 2016] 0.029 sec [all/0/rel 1 (0,20)] [*] 总监
[Tue Sep 20 10:26:23.621 2016] 0.002 sec [all/0/rel 1 (0,20)] [*] 设计师
[Tue Sep 20 10:44:45.664 2016] 0.055 sec [all/0/rel 2 (0,20)] [*] 项目
[Tue Sep 20 10:47:13.841 2016] 0.004 sec [all/0/rel 2 (0,20)] [*] 项目
[Tue Sep 20 11:18:34.864 2016] 0.054 sec [all/0/rel 0 (0,20)] [*] 阿达
[Tue Sep 20 11:26:36.907 2016] 0.014 sec [all/0/rel 1 (0,20)] [*] C
[Tue Sep 20 11:27:42.591 2016] 0.002 sec [all/0/rel 0 (0,20)] [*] H
[Tue Sep 20 11:29:04.683 2016] 0.056 sec [all/0/rel 0 (0,20)] [*] iou
[Tue Sep 20 11:30:31.663 2016] 0.002 sec [all/0/rel 0 (0,20)] [*] iou
[Tue Sep 20 11:30:35.074 2016] 0.051 sec [all/0/rel 0 (0,20)] [*] iou
[Tue Sep 20 11:31:31.732 2016] 0.002 sec [all/0/rel 0 (0,20)] [*] iou
[Tue Sep 20 11:31:54.135 2016] 0.002 sec [all/0/rel 0 (0,20)] [*] iou
[Tue Sep 20 11:32:04.454 2016] 0.002 sec [all/0/rel 0 (0,20)] [*] iou
[Tue Sep 20 11:32:29.154 2016] 0.002 sec [all/0/rel 0 (0,20)] [*] iou
[Tue Sep 20 11:33:58.434 2016] 0.003 sec [all/0/rel 1 (0,20)] [*] C
[Tue Sep 20 11:34:45.326 2016] 0.003 sec [all/0/rel 1 (0,20)] [*] C
[Tue Sep 20 11:34:54.284 2016] 0.001 sec [all/0/rel 0 (0,20)] [*] ASD
[Tue Sep 20 11:35:14.179 2016] 0.002 sec [all/0/rel 0 (0,20)] [*] ASD
[Tue Sep 20 11:38:59.718 2016] 0.002 sec [all/0/rel 0 (0,20)] [*] ASD
[Tue Sep 20 11:39:14.035 2016] 0.046 sec [all/0/rel 0 (0,20)] [*] asdas
[Tue Sep 20 11:39:51.855 2016] 0.002 sec [all/0/rel 0 (0,20)] [*] asdas
[Tue Sep 20 11:41:21.565 2016] 0.004 sec [all/0/rel 2 (0,20)] [*] 项目
[Tue Sep 20 11:42:51.144 2016] 0.004 sec [all/0/rel 0 (0,20)] [*] 法国恢复
[Tue Sep 20 11:44:15.471 2016] 0.003 sec [all/0/rel 0 (0,20)] [*] 水电费水电费
[Tue Sep 20 11:44:36.257 2016] 0.006 sec [all/0/rel 0 (0,20)] [*] 水电费水电费
[Tue Sep 20 11:45:01.691 2016] 0.003 sec [all/0/rel 0 (0,20)] [*] 水电费水电费
[Tue Sep 20 11:45:19.391 2016] 0.004 sec [all/0/rel 0 (0,20)] [*] 水电费水电费
[Tue Sep 20 11:45:39.647 2016] 0.004 sec [all/0/rel 0 (0,20)] [*] 水电费水电费
[Tue Sep 20 11:45:48.338 2016] 0.004 sec [all/0/rel 2 (0,20)] [*] 项目
[Tue Sep 20 11:46:13.516 2016] 0.004 sec [all/0/rel 2 (0,20)] [*] 项目
[Tue Sep 20 11:46:47.410 2016] 0.048 sec [all/0/rel 2 (0,20)] [*] 项目
[Tue Sep 20 11:47:04.095 2016] 0.003 sec [all/0/rel 2 (0,20)] [*] 项目
[Tue Sep 20 11:47:20.349 2016] 0.049 sec [all/0/rel 2 (0,20)] [*] 项目
[Tue Sep 20 11:47:36.926 2016] 0.003 sec [all/0/rel 2 (0,20)] [*] 项目
[Tue Sep 20 11:47:46.649 2016] 0.006 sec [all/0/rel 0 (0,20)] [*] 规范化风格
[Tue Sep 20 11:57:51.964 2016] 0.040 sec [all/0/rel 0 (0,20)] [*] 项目
[Tue Sep 20 14:03:27.411 2016] 0.056 sec [all/0/rel 0 (0,20)] [*] 公司
[Tue Sep 20 14:03:48.213 2016] 0.004 sec [all/0/rel 0 (0,20)] [*] 公司
[Tue Sep 20 14:04:00.208 2016] 0.003 sec [all/0/rel 0 (0,20)] [*] 公司
[Tue Sep 20 14:04:26.337 2016] 0.002 sec [all/0/rel 0 (0,20)] [*] 公司
[Tue Sep 20 14:05:01.539 2016] 0.004 sec [all/0/rel 0 (0,20)] [*] 公司
[Tue Sep 20 14:08:01.710 2016] 0.007 sec [all/0/rel 0 (0,20)] [*] 公司
[Tue Sep 20 14:09:33.188 2016] 0.037 sec [all/0/rel 0 (0,20)] [*] 项目
[Tue Sep 20 14:09:52.176 2016] 0.027 sec [all/0/rel 0 (0,20)] [*] 1
[Tue Sep 20 14:13:23.373 2016] 0.045 sec [all/0/rel 0 (0,20)] [*] 发的鬼地方
[Tue Sep 20 14:13:48.149 2016] 0.003 sec [all/0/rel 1 (0,20)] [*] 公司
[Tue Sep 20 14:15:53.546 2016] 0.090 sec [all/0/rel 0 (0,20)] [*] 项目
[Tue Sep 20 14:16:40.808 2016] 0.006 sec [all/0/rel 0 (0,20)] [*] 项目
[Tue Sep 20 14:16:50.500 2016] 0.003 sec [all/0/rel 1 (0,20)] [*] 公司
[Tue Sep 20 14:17:37.943 2016] 0.004 sec [all/0/rel 0 (0,20)] [*] 项目
[Tue Sep 20 14:18:35.306 2016] 0.071 sec [all/0/rel 0 (0,20)] [*] 项目
[Tue Sep 20 14:20:21.465 2016] 0.052 sec [all/0/rel 1 (0,20)] [*] 公司
[Tue Sep 20 14:20:52.950 2016] 0.005 sec [all/0/rel 0 (0,20)] [*] 项目
[Tue Sep 20 14:21:24.558 2016] 0.016 sec [all/0/rel 2 (0,20)] [*] 项目
[Tue Sep 20 14:21:36.196 2016] 0.004 sec [all/0/rel 0 (0,20)] [*] 公司
[Tue Sep 20 14:31:50.953 2016] 0.011 sec [all/0/rel 2 (0,20)] [*] 项目
[Tue Sep 20 14:32:01.957 2016] 0.003 sec [all/0/rel 0 (0,20)] [*] 公司
[Tue Sep 20 14:38:27.869 2016] 0.037 sec [all/0/rel 2 (0,20)] [mysql] 项目
[Tue Sep 20 14:39:16.319 2016] 0.003 sec [all/0/rel 0 (0,20)] [*] 公司
[Tue Sep 20 15:15:57.876 2016] 0.017 sec [all/0/rel 2 (0,20)] [*] 项目
[Tue Sep 20 15:23:39.459 2016] 0.009 sec [all/0/rel 2 (0,20)] [*] 项目
[Tue Sep 20 15:35:48.913 2016] 0.008 sec [all/0/rel 0 (0,20)] [*] 有限
[Tue Sep 20 15:39:28.001 2016] 0.012 sec [all/0/rel 0 (0,20)] [*] 有限
[Tue Sep 20 15:39:54.101 2016] 0.007 sec [all/0/rel 2 (0,20)] [*] 项目
[Tue Sep 20 19:19:13.930 2016] 0.054 sec [all/0/rel 0 (0,20)] [*] 公司
[Tue Sep 20 19:23:21.140 2016] 0.004 sec [all/0/rel 0 (0,20)] [*] 有限
[Tue Sep 20 19:24:40.546 2016] 0.011 sec [all/0/rel 0 (0,20)] [*] 有限
[Tue Sep 20 19:25:20.198 2016] 0.008 sec [all/0/rel 0 (0,20)] [*] 有限
[Tue Sep 20 19:25:55.051 2016] 0.002 sec [all/0/rel 0 (0,20)] [*] 网络
[Tue Sep 20 19:47:08.580 2016] 0.034 sec [all/0/rel 2 (0,20)] [*] 项目
[Tue Sep 20 19:47:17.490 2016] 0.003 sec [all/0/rel 2 (0,20)] [*] 项目
[Tue Sep 20 19:47:28.108 2016] 0.003 sec [all/0/rel 1 (0,20)] [*] 经理
[Tue Sep 20 20:03:20.900 2016] 0.079 sec [all/0/rel 2 (0,20)] [*] 项目
[Tue Sep 20 20:05:18.475 2016] 0.005 sec [all/0/rel 2 (0,20)] [*] 项目
[Tue Sep 20 20:07:02.199 2016] 0.001 sec [all/0/rel 2 (0,20)] [*] 项目
[Tue Sep 20 20:11:22.855 2016] 0.001 sec [all/0/rel 2 (0,20)] [*] php
[Thu Sep 22 13:43:08.020 2016] 0.005 sec [all/0/rel 2 (0,20)] [*] php
[Thu Sep 22 20:09:14.499 2016] 0.003 sec [all/0/rel 2 (0,20)] [*] 项目
[Thu Sep 22 20:10:20.479 2016] 0.001 sec [all/0/rel 2 (0,20)] [*] 项目
[Thu Sep 22 20:11:34.573 2016] 0.001 sec [all/0/rel 1 (0,20)] [*] 经理
[Thu Sep 22 20:11:56.876 2016] 0.001 sec [all/0/rel 2 (0,20)] [*] 项目
[Thu Sep 22 20:14:05.874 2016] 0.001 sec [all/0/rel 2 (0,20)] [*] 项目
[Thu Sep 22 20:14:43.468 2016] 0.000 sec [all/0/rel 0 (0,20)] [*] hpp
[Thu Sep 22 20:14:53.108 2016] 0.001 sec [all/0/rel 2 (0,20)] [*] php
[Thu Sep 22 20:15:42.408 2016] 0.001 sec [all/0/rel 2 (0,20)] [*] php
[Thu Sep 22 20:16:18.523 2016] 0.001 sec [all/0/rel 0 (0,20)] [*] 工程师
[Thu Sep 22 20:16:36.676 2016] 0.002 sec [all/0/rel 0 (0,20)] [*] 测试职位
[Thu Sep 22 20:17:25.642 2016] 0.001 sec [all/0/rel 2 (0,20)] [*] 项目
[Thu Sep 22 20:17:39.747 2016] 0.001 sec [all/0/rel 1 (0,20)] [*] c++
[Thu Sep 22 20:17:56.693 2016] 0.002 sec [all/0/rel 1 (0,20)] [*] 经理
[Thu Sep 22 20:18:19.282 2016] 0.002 sec [all/0/rel 1 (0,20)] [*] java
[Thu Sep 22 20:18:30.787 2016] 0.002 sec [all/0/rel 1 (0,20)] [*] 经理
