[Mon Sep 19 15:14:37.777 2016] [11024] accepting connections
[Mon Sep 19 15:22:25.299 2016] [ 9864] accepting connections
[Mon Sep 19 15:28:03.369 2016] [ 9864] caught SIGTERM, shutting down
[Mon Sep 19 15:28:03.416 2016] [ 9864] shutdown complete
[Mon Sep 19 15:28:24.127 2016] [ 7880] accepting connections
[Mon Sep 19 15:30:32.870 2016] [ 7880] caught SIGTERM, shutting down
[Mon Sep 19 15:30:32.913 2016] [ 7880] shutdown complete
[Mon Sep 19 15:30:45.218 2016] [ 2996] accepting connections
[Mon Sep 19 15:49:08.715 2016] [ 2996] caught SIGTERM, shutting down
[Mon Sep 19 15:49:08.745 2016] [ 2996] shutdown complete
[Mon Sep 19 15:49:13.620 2016] [ 8996] accepting connections
[Mon Sep 19 15:51:17.712 2016] [ 8996] caught SIGTERM, shutting down
[Mon Sep 19 15:51:17.750 2016] [ 8996] shutdown complete
[Mon Sep 19 15:51:26.334 2016] [10968] accepting connections
[Mon Sep 19 16:09:11.682 2016] [10968] caught SIGTERM, shutting down
[Mon Sep 19 16:09:11.720 2016] [10968] shutdown complete
[Mon Sep 19 16:09:20.587 2016] [ 7812] accepting connections
[Mon Sep 19 16:12:34.579 2016] [ 7812] caught SIGTERM, shutting down
[Mon Sep 19 16:12:34.601 2016] [ 7812] shutdown complete
[Mon Sep 19 16:12:40.235 2016] [ 4400] accepting connections
[Mon Sep 19 19:03:04.918 2016] [ 4400] caught SIGTERM, shutting down
[Mon Sep 19 19:03:04.959 2016] [ 4400] shutdown complete
[Mon Sep 19 19:03:22.775 2016] [ 7112] accepting connections
[Mon Sep 19 19:05:55.400 2016] [ 7112] caught SIGTERM, shutting down
[Mon Sep 19 19:05:55.442 2016] [ 7112] shutdown complete
[Mon Sep 19 19:06:10.050 2016] [ 4664] accepting connections
[Mon Sep 19 19:09:25.404 2016] [ 4664] caught SIGTERM, shutting down
[Mon Sep 19 19:09:25.451 2016] [ 4664] shutdown complete
[Mon Sep 19 19:09:40.685 2016] [ 7132] accepting connections
[Mon Sep 19 19:17:30.758 2016] [ 7132] caught SIGTERM, shutting down
[Mon Sep 19 19:17:30.771 2016] [ 7132] shutdown complete
[Mon Sep 19 19:17:35.988 2016] [ 9676] accepting connections
[Mon Sep 19 20:50:06.138 2016] [ 9084] accepting connections
[Mon Sep 19 20:56:20.316 2016] [ 9084] caught SIGTERM, shutting down
[Mon Sep 19 20:56:20.321 2016] [ 9084] shutdown complete
[Mon Sep 19 20:56:30.919 2016] [ 4756] accepting connections
[Tue Sep 20 08:36:55.181 2016] [  324] accepting connections
[Tue Sep 20 11:51:00.188 2016] [  324] caught SIGTERM, shutting down
[Tue Sep 20 11:51:00.267 2016] [  324] shutdown complete
[Tue Sep 20 11:51:11.250 2016] [ 7720] accepting connections
[Tue Sep 20 14:08:59.485 2016] [ 7720] caught SIGTERM, shutting down
[Tue Sep 20 14:08:59.528 2016] [ 7720] shutdown complete
[Tue Sep 20 14:09:08.621 2016] [ 5360] accepting connections
[Tue Sep 20 14:15:05.251 2016] [ 5360] caught SIGTERM, shutting down
[Tue Sep 20 14:15:05.303 2016] [ 5360] shutdown complete
[Tue Sep 20 14:15:11.526 2016] [ 5308] accepting connections
[Tue Sep 20 14:20:02.454 2016] [ 5308] caught SIGTERM, shutting down
[Tue Sep 20 14:20:02.470 2016] [ 5308] shutdown complete
[Tue Sep 20 14:20:08.323 2016] [ 6440] accepting connections
[Tue Sep 20 14:21:10.994 2016] [ 6440] caught SIGTERM, shutting down
[Tue Sep 20 14:21:11.034 2016] [ 6440] shutdown complete
[Tue Sep 20 14:21:14.556 2016] [11084] accepting connections
[Tue Sep 20 14:31:41.304 2016] [11084] caught SIGTERM, shutting down
[Tue Sep 20 14:31:41.322 2016] [11084] shutdown complete
[Tue Sep 20 14:31:46.037 2016] [ 8888] accepting connections
[Tue Sep 20 14:35:14.208 2016] [ 8888] caught SIGTERM, shutting down
[Tue Sep 20 14:35:14.242 2016] [ 8888] shutdown complete
[Tue Sep 20 14:37:23.136 2016] [ 9648] accepting connections
[Tue Sep 20 15:10:52.048 2016] [ 9648] caught SIGTERM, shutting down
[Tue Sep 20 15:10:52.120 2016] [ 9648] shutdown complete
[Tue Sep 20 15:11:03.565 2016] [ 2476] accepting connections
[Tue Sep 20 15:15:33.247 2016] [ 2476] caught SIGTERM, shutting down
[Tue Sep 20 15:15:33.289 2016] [ 2476] shutdown complete
[Tue Sep 20 15:15:37.374 2016] [ 8488] accepting connections
[Tue Sep 20 15:16:03.060 2016] [ 8488] caught SIGTERM, shutting down
[Tue Sep 20 15:16:03.069 2016] [ 8488] shutdown complete
[Tue Sep 20 15:23:31.631 2016] [ 9000] accepting connections
[Tue Sep 20 19:18:27.439 2016] [ 9000] caught SIGTERM, shutting down
[Tue Sep 20 19:18:27.527 2016] [ 9000] shutdown complete
[Tue Sep 20 19:18:43.759 2016] [ 7404] accepting connections
[Tue Sep 20 19:23:36.002 2016] [ 7404] caught SIGTERM, shutting down
[Tue Sep 20 19:23:36.023 2016] [ 7404] shutdown complete
[Tue Sep 20 19:23:48.513 2016] [ 6772] accepting connections
[Tue Sep 20 19:26:15.143 2016] [ 6772] caught SIGTERM, shutting down
[Tue Sep 20 19:26:15.194 2016] [ 6772] shutdown complete
[Tue Sep 20 19:45:29.217 2016] [ 4616] accepting connections
[Tue Sep 20 20:02:23.186 2016] [29384] accepting connections
[Tue Sep 20 20:03:32.205 2016] [29384] caught SIGTERM, shutting down
[Tue Sep 20 20:03:32.247 2016] [29384] shutdown complete
[Tue Sep 20 20:05:09.601 2016] [38876] accepting connections
[Thu Sep 22 13:42:56.524 2016] [23280] accepting connections
